[Thu, 12 May 2022 13:41:11 +0700] [localhost] [::1] [User Notice(1024): SQLSTATE[HY000] [1049] Unknown database 'nukeviet'] [FILE: /vendor/vinades/nukeviet/Core/Database.php] [LINE: 94]
[Thu, 12 May 2022 16:50:02 +0700] [localhost] [::1] [Warning(2): exif_read_data(ava_tonya2x.png): File not supported] [FILE: /vendor/vinades/nukeviet/Files/Upload.php] [LINE: 1122] [TRACE:]
#1  LINE: 182   FILE: /admin/index.php
#2  LINE: 71    FILE: /admin/upload/upload.php
#3  LINE: 1122  FILE: /vendor/vinades/nukeviet/Files/Upload.php

[Thu, 12 May 2022 17:53:15 +0700] [localhost] [::1] [Notice(8): Undefined index: action] [FILE: /admin/index.php] [LINE: 26]
[Thu, 12 May 2022 18:03:21 +0700] [localhost] [::1] [Notice(8): Undefined index: file] [FILE: /admin/index.php] [LINE: 28]
[Thu, 12 May 2022 18:03:21 +0700] [localhost] [::1] [Notice(8): Undefined index: file] [FILE: /admin/index.php] [LINE: 30]
[Thu, 12 May 2022 18:09:01 +0700] [localhost] [::1] [Warning(2): move_uploaded_file(uploads/news/Video/ava_brian@2x.png): failed to open stream: No such file or directory] [FILE: /admin/index.php] [LINE: 42] [TRACE:]
#1  LINE: 42    FILE: /admin/index.php

[Thu, 12 May 2022 18:24:51 +0700] [localhost] [::1] [Notice(8): Undefined index: file] [FILE: /admin/index.php] [LINE: 32]
[Thu, 12 May 2022 18:24:51 +0700] [localhost] [::1] [Notice(8): Undefined index: file] [FILE: /admin/index.php] [LINE: 35]
[Thu, 12 May 2022 18:24:51 +0700] [localhost] [::1] [Notice(8): Undefined index: file] [FILE: /admin/index.php] [LINE: 36]
[Thu, 12 May 2022 18:24:51 +0700] [localhost] [::1] [Notice(8): Undefined index: file] [FILE: /admin/index.php] [LINE: 37]
[Thu, 12 May 2022 18:24:51 +0700] [localhost] [::1] [Notice(8): Undefined index: file] [FILE: /admin/index.php] [LINE: 38]
[Thu, 12 May 2022 18:24:51 +0700] [localhost] [::1] [Notice(8): Undefined index: file] [FILE: /admin/index.php] [LINE: 40]
[Thu, 12 May 2022 18:24:51 +0700] [localhost] [::1] [Notice(8): Undefined index: file] [FILE: /admin/index.php] [LINE: 41]
[Thu, 12 May 2022 19:29:07 +0700] [localhost] [::1] [Warning(2): Use of undefined constant rowcontent - assumed 'rowcontent' (this will throw an Error in a future version of PHP)] [FILE: /modules/news/admin/content.php] [LINE: 741] [TRACE:]
#1  LINE: 218   FILE: /admin/index.php

[Thu, 12 May 2022 19:36:45 +0700] [localhost] [::1] [Notice(8): Undefined index: audio_path] [FILE: /modules/news/admin/content.php] [LINE: 743] [TRACE:]
#1  LINE: 218   FILE: /admin/index.php

[Thu, 12 May 2022 19:40:16 +0700] [localhost] [::1] [Notice(8): Undefined index: audio_path] [FILE: /modules/news/admin/content.php] [LINE: 742] [TRACE:]
#1  LINE: 218   FILE: /admin/index.php

[Thu, 12 May 2022 19:41:41 +0700] [localhost] [::1] [Warning(2): file_exists() expects exactly 1 parameter, 2 given] [FILE: /modules/news/admin/content.php] [LINE: 743] [TRACE:]
#1  LINE: 218   FILE: /admin/index.php
#2  LINE: 743   FILE: /modules/news/admin/content.php

[Thu, 12 May 2022 19:56:52 +0700] [localhost] [::1] [Error(1): Uncaught PDOException: SQLSTATE[21S01]: Insert value list does not match column list: 1136 Column count doesn't match value count at row 1 in C:\xampp\htdocs\nukeviet\vendor\vinades\nukeviet\Core\Database.php:545
Stack trace:
#0 C:\xampp\htdocs\nukeviet\vendor\vinades\nukeviet\Core\Database.php(545): PDO->exec('INSERT INTO nv4...')
#1 C:\xampp\htdocs\nukeviet\modules\news\admin\content.php(872): NukeViet\Core\Database->exec('INSERT INTO nv4...')
#2 C:\xampp\htdocs\nukeviet\admin\index.php(218): require('C:\\xampp\\htdocs...')
#3 {main}
  thrown] [FILE: /vendor/vinades/nukeviet/Core/Database.php] [LINE: 545]
[Thu, 12 May 2022 19:58:49 +0700] [localhost] [::1] [User Notice(1024): SQLSTATE[21S01]: Insert value list does not match column list: 1136 Column count doesn't match value count at row 1] [FILE: /vendor/vinades/nukeviet/Core/Database.php] [LINE: 130] [TRACE:]
#1  LINE: 218   FILE: /admin/index.php
#2  LINE: 843   FILE: /modules/news/admin/content.php
#3  LINE: 130   FILE: /vendor/vinades/nukeviet/Core/Database.php

[Thu, 12 May 2022 19:58:49 +0700] [localhost] [::1] [Warning(2): count(): Parameter must be an array or an object that implements Countable] [FILE: /modules/news/admin/content.php] [LINE: 1294] [TRACE:]
#1  LINE: 218   FILE: /admin/index.php

